# JRE version: OpenJDK Runtime Environment Temurin-17.0.1+12 (17.0.1+12) (build 17.0.1+12)
# Java VM: OpenJDK 64-Bit Server VM Temurin-17.0.1+12 (17.0.1+12, mixed mode, tiered, compressed oops, compressed class ptrs, g1 gc, linux-amd64)
GC Precious Log:
 CPUs: 8 total, 8 available
 Memory: 15783M
 Large Page Support: Disabled
 NUMA Support: Disabled
 Compressed Oops: Enabled (Zero based)
 Heap Region Size: 2M
 Heap Min Capacity: 8M
 Heap Initial Capacity: 248M
 Heap Max Capacity: 3946M
 Pre-touch: Disabled
 Parallel Workers: 8
 Concurrent Workers: 2
 Concurrent Refinement Workers: 8
 Periodic GC: Disabled
Heap:
 garbage-first heap   total 69632K, used 52259K [0x0000000709600000, 0x0000000800000000)
  region size 2048K, 15 young (30720K), 2 survivors (4096K)
 Metaspace       used 68384K, committed 68864K, reserved 1114112K
  class space    used 9001K, committed 9216K, reserved 1048576K
GC Heap History (20 events):
Event: 1.586 GC heap after
{Heap after GC invocations=5 (full 0):
 garbage-first heap   total 49152K, used 10996K [0x0000000709600000, 0x0000000800000000)
  region size 2048K, 3 young (6144K), 3 survivors (6144K)
 Metaspace       used 25829K, committed 25984K, reserved 1073152K
  class space    used 3141K, committed 3200K, reserved 1048576K
}
Event: 1.603 GC heap before
{Heap before GC invocations=5 (full 0):
 garbage-first heap   total 49152K, used 13044K [0x0000000709600000, 0x0000000800000000)
  region size 2048K, 4 young (8192K), 3 survivors (6144K)
 Metaspace       used 26091K, committed 26304K, reserved 1073152K
  class space    used 3184K, committed 3264K, reserved 1048576K
}
Event: 1.609 GC heap after
{Heap after GC invocations=6 (full 0):
 garbage-first heap   total 49152K, used 11599K [0x0000000709600000, 0x0000000800000000)
  region size 2048K, 1 young (2048K), 1 survivors (2048K)
 Metaspace       used 26091K, committed 26304K, reserved 1073152K
  class space    used 3184K, committed 3264K, reserved 1048576K
}
Event: 1.632 GC heap before
{Heap before GC invocations=6 (full 0):
 garbage-first heap   total 49152K, used 27983K [0x0000000709600000, 0x0000000800000000)
  region size 2048K, 10 young (20480K), 1 survivors (2048K)
 Metaspace       used 26637K, committed 26944K, reserved 1073152K
  class space    used 3256K, committed 3392K, reserved 1048576K
}
Event: 1.634 GC heap after
{Heap after GC invocations=7 (full 0):
 garbage-first heap   total 151552K, used 11555K [0x0000000709600000, 0x0000000800000000)
  region size 2048K, 1 young (2048K), 1 survivors (2048K)
 Metaspace       used 26637K, committed 26944K, reserved 1073152K
  class space    used 3256K, committed 3392K, reserved 1048576K
}
Event: 2.315 GC heap before
{Heap before GC invocations=7 (full 0):
 garbage-first heap   total 151552K, used 89379K [0x0000000709600000, 0x0000000800000000)
  region size 2048K, 41 young (83968K), 1 survivors (2048K)
 Metaspace       used 35755K, committed 35968K, reserved 1081344K
  class space    used 4393K, committed 4480K, reserved 1048576K
}
Event: 2.319 GC heap after
{Heap after GC invocations=8 (full 0):
 garbage-first heap   total 151552K, used 14948K [0x0000000709600000, 0x0000000800000000)
  region size 2048K, 3 young (6144K), 3 survivors (6144K)
 Metaspace       used 35755K, committed 35968K, reserved 1081344K
  class space    used 4393K, committed 4480K, reserved 1048576K
}
Event: 2.919 GC heap before
{Heap before GC invocations=9 (full 0):
 garbage-first heap   total 69632K, used 49764K [0x0000000709600000, 0x0000000800000000)
  region size 2048K, 20 young (40960K), 3 survivors (6144K)
 Metaspace       used 42041K, committed 42368K, reserved 1089536K
  class space    used 5537K, committed 5696K, reserved 1048576K
}
Event: 2.924 GC heap after
{Heap after GC invocations=10 (full 0):
 garbage-first heap   total 69632K, used 16294K [0x0000000709600000, 0x0000000800000000)
  region size 2048K, 2 young (4096K), 2 survivors (4096K)
 Metaspace       used 42041K, committed 42368K, reserved 1089536K
  class space    used 5537K, committed 5696K, reserved 1048576K
}
Event: 3.357 GC heap before
{Heap before GC invocations=10 (full 0):
 garbage-first heap   total 69632K, used 47014K [0x0000000709600000, 0x0000000800000000)
  region size 2048K, 17 young (34816K), 2 survivors (4096K)
 Metaspace       used 48876K, committed 49216K, reserved 1097728K
  class space    used 6475K, committed 6656K, reserved 1048576K
}
Event: 3.367 GC heap after
{Heap after GC invocations=11 (full 0):
 garbage-first heap   total 69632K, used 18713K [0x0000000709600000, 0x0000000800000000)
  region size 2048K, 3 young (6144K), 3 survivors (6144K)
 Metaspace       used 48876K, committed 49216K, reserved 1097728K
  class space    used 6475K, committed 6656K, reserved 1048576K
}
Event: 3.830 GC heap before
{Heap before GC invocations=11 (full 0):
 garbage-first heap   total 69632K, used 47385K [0x0000000709600000, 0x0000000800000000)
  region size 2048K, 17 young (34816K), 3 survivors (6144K)
 Metaspace       used 57339K, committed 57664K, reserved 1105920K
  class space    used 7565K, committed 7680K, reserved 1048576K
}
Event: 3.837 GC heap after
{Heap after GC invocations=12 (full 0):
 garbage-first heap   total 69632K, used 20801K [0x0000000709600000, 0x0000000800000000)
  region size 2048K, 3 young (6144K), 3 survivors (6144K)
 Metaspace       used 57339K, committed 57664K, reserved 1105920K
  class space    used 7565K, committed 7680K, reserved 1048576K
}
Event: 4.008 GC heap before
{Heap before GC invocations=12 (full 0):
 garbage-first heap   total 69632K, used 39233K [0x0000000709600000, 0x0000000800000000)
  region size 2048K, 13 young (26624K), 3 survivors (6144K)
 Metaspace       used 59951K, committed 60288K, reserved 1105920K
  class space    used 7888K, committed 8064K, reserved 1048576K
}
Event: 4.015 GC heap after
{Heap after GC invocations=13 (full 0):
 garbage-first heap   total 69632K, used 21934K [0x0000000709600000, 0x0000000800000000)
  region size 2048K, 1 young (2048K), 1 survivors (2048K)
 Metaspace       used 59951K, committed 60288K, reserved 1105920K
  class space    used 7888K, committed 8064K, reserved 1048576K
}
Event: 4.505 GC heap before
{Heap before GC invocations=14 (full 0):
 garbage-first heap   total 69632K, used 50606K [0x0000000709600000, 0x0000000800000000)
  region size 2048K, 15 young (30720K), 1 survivors (2048K)
 Metaspace       used 64480K, committed 64896K, reserved 1105920K
  class space    used 8503K, committed 8704K, reserved 1048576K
}
Event: 4.509 GC heap after
{Heap after GC invocations=15 (full 0):
 garbage-first heap   total 69632K, used 23630K [0x0000000709600000, 0x0000000800000000)
  region size 2048K, 2 young (4096K), 2 survivors (4096K)
 Metaspace       used 64480K, committed 64896K, reserved 1105920K
  class space    used 8503K, committed 8704K, reserved 1048576K
}
Event: 4.797 GC heap before
{Heap before GC invocations=15 (full 0):
 garbage-first heap   total 69632K, used 50254K [0x0000000709600000, 0x0000000800000000)
  region size 2048K, 15 young (30720K), 2 survivors (4096K)
 Metaspace       used 66123K, committed 66496K, reserved 1114112K
  class space    used 8715K, committed 8896K, reserved 1048576K
}
Event: 4.802 GC heap after
{Heap after GC invocations=16 (full 0):
 garbage-first heap   total 69632K, used 25635K [0x0000000709600000, 0x0000000800000000)
  region size 2048K, 2 young (4096K), 2 survivors (4096K)
 Metaspace       used 66123K, committed 66496K, reserved 1114112K
  class space    used 8715K, committed 8896K, reserved 1048576K
}
Event: 5.079 GC heap before
{Heap before GC invocations=16 (full 0):
 garbage-first heap   total 69632K, used 52259K [0x0000000709600000, 0x0000000800000000)
  region size 2048K, 15 young (30720K), 2 survivors (4096K)
 Metaspace       used 68384K, committed 68864K, reserved 1114112K
  class space    used 9001K, committed 9216K, reserved 1048576K
}

