# JRE version: OpenJDK Runtime Environment Temurin-17.0.1+12 (17.0.1+12) (build 17.0.1+12)
# Java VM: OpenJDK 64-Bit Server VM Temurin-17.0.1+12 (17.0.1+12, mixed mode, tiered, compressed oops, compressed class ptrs, g1 gc, linux-amd64)
GC Precious Log:
 CPUs: 8 total, 8 available
 Memory: 15783M
 Large Page Support: Disabled
 NUMA Support: Disabled
 Compressed Oops: Enabled (Zero based)
 Heap Region Size: 2M
 Heap Min Capacity: 8M
 Heap Initial Capacity: 248M
 Heap Max Capacity: 3946M
 Pre-touch: Disabled
 Parallel Workers: 8
 Concurrent Workers: 2
 Concurrent Refinement Workers: 8
 Periodic GC: Disabled
Heap:
 garbage-first heap   total 81920K, used 60565K [0x0000000709600000, 0x0000000800000000)
  region size 2048K, 19 young (38912K), 2 survivors (4096K)
 Metaspace       used 70275K, committed 70656K, reserved 1114112K
  class space    used 9352K, committed 9536K, reserved 1048576K
GC Heap History (20 events):
Event: 1.668 GC heap before
{Heap before GC invocations=6 (full 0):
 garbage-first heap   total 49152K, used 27772K [0x0000000709600000, 0x0000000800000000)
  region size 2048K, 11 young (22528K), 2 survivors (4096K)
 Metaspace       used 27275K, committed 27584K, reserved 1073152K
  class space    used 3328K, committed 3456K, reserved 1048576K
}
Event: 1.670 GC heap after
{Heap after GC invocations=7 (full 0):
 garbage-first heap   total 49152K, used 11819K [0x0000000709600000, 0x0000000800000000)
  region size 2048K, 1 young (2048K), 1 survivors (2048K)
 Metaspace       used 27275K, committed 27584K, reserved 1073152K
  class space    used 3328K, committed 3456K, reserved 1048576K
}
Event: 1.764 GC heap before
{Heap before GC invocations=7 (full 0):
 garbage-first heap   total 49152K, used 30251K [0x0000000709600000, 0x0000000800000000)
  region size 2048K, 11 young (22528K), 1 survivors (2048K)
 Metaspace       used 30071K, committed 30272K, reserved 1081344K
  class space    used 3603K, committed 3712K, reserved 1048576K
}
Event: 1.766 GC heap after
{Heap after GC invocations=8 (full 0):
 garbage-first heap   total 151552K, used 12320K [0x0000000709600000, 0x0000000800000000)
  region size 2048K, 1 young (2048K), 1 survivors (2048K)
 Metaspace       used 30071K, committed 30272K, reserved 1081344K
  class space    used 3603K, committed 3712K, reserved 1048576K
}
Event: 2.410 GC heap before
{Heap before GC invocations=8 (full 0):
 garbage-first heap   total 151552K, used 51232K [0x0000000709600000, 0x0000000800000000)
  region size 2048K, 21 young (43008K), 1 survivors (2048K)
 Metaspace       used 35764K, committed 35968K, reserved 1081344K
  class space    used 4400K, committed 4480K, reserved 1048576K
}
Event: 2.416 GC heap after
{Heap after GC invocations=9 (full 0):
 garbage-first heap   total 151552K, used 14928K [0x0000000709600000, 0x0000000800000000)
  region size 2048K, 3 young (6144K), 3 survivors (6144K)
 Metaspace       used 35764K, committed 35968K, reserved 1081344K
  class space    used 4400K, committed 4480K, reserved 1048576K
}
Event: 3.071 GC heap before
{Heap before GC invocations=10 (full 0):
 garbage-first heap   total 69632K, used 49744K [0x0000000709600000, 0x0000000800000000)
  region size 2048K, 20 young (40960K), 3 survivors (6144K)
 Metaspace       used 42193K, committed 42496K, reserved 1089536K
  class space    used 5580K, committed 5760K, reserved 1048576K
}
Event: 3.077 GC heap after
{Heap after GC invocations=11 (full 0):
 garbage-first heap   total 69632K, used 16411K [0x0000000709600000, 0x0000000800000000)
  region size 2048K, 3 young (6144K), 3 survivors (6144K)
 Metaspace       used 42193K, committed 42496K, reserved 1089536K
  class space    used 5580K, committed 5760K, reserved 1048576K
}
Event: 3.106 GC heap before
{Heap before GC invocations=11 (full 0):
 garbage-first heap   total 69632K, used 18459K [0x0000000709600000, 0x0000000800000000)
  region size 2048K, 4 young (8192K), 3 survivors (6144K)
 Metaspace       used 42255K, committed 42560K, reserved 1089536K
  class space    used 5586K, committed 5760K, reserved 1048576K
}
Event: 3.111 GC heap after
{Heap after GC invocations=12 (full 0):
 garbage-first heap   total 69632K, used 16699K [0x0000000709600000, 0x0000000800000000)
  region size 2048K, 1 young (2048K), 1 survivors (2048K)
 Metaspace       used 42255K, committed 42560K, reserved 1089536K
  class space    used 5586K, committed 5760K, reserved 1048576K
}
Event: 3.853 GC heap before
{Heap before GC invocations=12 (full 0):
 garbage-first heap   total 69632K, used 49467K [0x0000000709600000, 0x0000000800000000)
  region size 2048K, 18 young (36864K), 1 survivors (2048K)
 Metaspace       used 53597K, committed 53888K, reserved 1097728K
  class space    used 7072K, committed 7232K, reserved 1048576K
}
Event: 3.860 GC heap after
{Heap after GC invocations=13 (full 0):
 garbage-first heap   total 104448K, used 19552K [0x0000000709600000, 0x0000000800000000)
  region size 2048K, 2 young (4096K), 2 survivors (4096K)
 Metaspace       used 53597K, committed 53888K, reserved 1097728K
  class space    used 7072K, committed 7232K, reserved 1048576K
}
Event: 4.371 GC heap before
{Heap before GC invocations=13 (full 0):
 garbage-first heap   total 104448K, used 62560K [0x0000000709600000, 0x0000000800000000)
  region size 2048K, 24 young (49152K), 2 survivors (4096K)
 Metaspace       used 60138K, committed 60416K, reserved 1105920K
  class space    used 7911K, committed 8064K, reserved 1048576K
}
Event: 4.379 GC heap after
{Heap after GC invocations=14 (full 0):
 garbage-first heap   total 104448K, used 21487K [0x0000000709600000, 0x0000000800000000)
  region size 2048K, 3 young (6144K), 3 survivors (6144K)
 Metaspace       used 60138K, committed 60416K, reserved 1105920K
  class space    used 7911K, committed 8064K, reserved 1048576K
}
Event: 5.012 GC heap before
{Heap before GC invocations=15 (full 0):
 garbage-first heap   total 81920K, used 64495K [0x0000000709600000, 0x0000000800000000)
  region size 2048K, 24 young (49152K), 3 survivors (6144K)
 Metaspace       used 65115K, committed 65408K, reserved 1105920K
  class space    used 8608K, committed 8768K, reserved 1048576K
}
Event: 5.019 GC heap after
{Heap after GC invocations=16 (full 0):
 garbage-first heap   total 81920K, used 24417K [0x0000000709600000, 0x0000000800000000)
  region size 2048K, 3 young (6144K), 3 survivors (6144K)
 Metaspace       used 65115K, committed 65408K, reserved 1105920K
  class space    used 8608K, committed 8768K, reserved 1048576K
}
Event: 5.032 GC heap before
{Heap before GC invocations=16 (full 0):
 garbage-first heap   total 81920K, used 26465K [0x0000000709600000, 0x0000000800000000)
  region size 2048K, 4 young (8192K), 3 survivors (6144K)
 Metaspace       used 65116K, committed 65408K, reserved 1105920K
  class space    used 8608K, committed 8768K, reserved 1048576K
}
Event: 5.039 GC heap after
{Heap after GC invocations=17 (full 0):
 garbage-first heap   total 81920K, used 24406K [0x0000000709600000, 0x0000000800000000)
  region size 2048K, 1 young (2048K), 1 survivors (2048K)
 Metaspace       used 65116K, committed 65408K, reserved 1105920K
  class space    used 8608K, committed 8768K, reserved 1048576K
}
Event: 5.462 GC heap before
{Heap before GC invocations=17 (full 0):
 garbage-first heap   total 81920K, used 63318K [0x0000000709600000, 0x0000000800000000)
  region size 2048K, 20 young (40960K), 1 survivors (2048K)
 Metaspace       used 68146K, committed 68544K, reserved 1114112K
  class space    used 8973K, committed 9152K, reserved 1048576K
}
Event: 5.467 GC heap after
{Heap after GC invocations=18 (full 0):
 garbage-first heap   total 81920K, used 27797K [0x0000000709600000, 0x0000000800000000)
  region size 2048K, 2 young (4096K), 2 survivors (4096K)
 Metaspace       used 68146K, committed 68544K, reserved 1114112K
  class space    used 8973K, committed 9152K, reserved 1048576K
}

