# JRE version: OpenJDK Runtime Environment Temurin-17.0.1+12 (17.0.1+12) (build 17.0.1+12)
# Java VM: OpenJDK 64-Bit Server VM Temurin-17.0.1+12 (17.0.1+12, mixed mode, tiered, compressed oops, compressed class ptrs, g1 gc, linux-amd64)
GC Precious Log:
 CPUs: 8 total, 8 available
 Memory: 15783M
 Large Page Support: Disabled
 NUMA Support: Disabled
 Compressed Oops: Enabled (Zero based)
 Heap Region Size: 2M
 Heap Min Capacity: 8M
 Heap Initial Capacity: 248M
 Heap Max Capacity: 3946M
 Pre-touch: Disabled
 Parallel Workers: 8
 Concurrent Workers: 2
 Concurrent Refinement Workers: 8
 Periodic GC: Disabled
Heap:
 garbage-first heap   total 61440K, used 43421K [0x0000000709600000, 0x0000000800000000)
  region size 2048K, 15 young (30720K), 1 survivors (2048K)
 Metaspace       used 48809K, committed 49152K, reserved 1097728K
  class space    used 6468K, committed 6656K, reserved 1048576K
GC Heap History (18 events):
Event: 0.619 GC heap before
{Heap before GC invocations=0 (full 0):
 garbage-first heap   total 253952K, used 20480K [0x0000000709600000, 0x0000000800000000)
  region size 2048K, 11 young (22528K), 0 survivors (0K)
 Metaspace       used 11640K, committed 11840K, reserved 1064960K
  class space    used 1234K, committed 1344K, reserved 1048576K
}
Event: 0.626 GC heap after
{Heap after GC invocations=1 (full 0):
 garbage-first heap   total 253952K, used 6096K [0x0000000709600000, 0x0000000800000000)
  region size 2048K, 2 young (4096K), 2 survivors (4096K)
 Metaspace       used 11640K, committed 11840K, reserved 1064960K
  class space    used 1234K, committed 1344K, reserved 1048576K
}
Event: 1.093 GC heap before
{Heap before GC invocations=1 (full 0):
 garbage-first heap   total 253952K, used 30672K [0x0000000709600000, 0x0000000800000000)
  region size 2048K, 14 young (28672K), 2 survivors (4096K)
 Metaspace       used 18629K, committed 18880K, reserved 1073152K
  class space    used 2044K, committed 2176K, reserved 1048576K
}
Event: 1.098 GC heap after
{Heap after GC invocations=2 (full 0):
 garbage-first heap   total 253952K, used 8497K [0x0000000709600000, 0x0000000800000000)
  region size 2048K, 2 young (4096K), 2 survivors (4096K)
 Metaspace       used 18629K, committed 18880K, reserved 1073152K
  class space    used 2044K, committed 2176K, reserved 1048576K
}
Event: 1.350 GC heap before
{Heap before GC invocations=2 (full 0):
 garbage-first heap   total 253952K, used 20785K [0x0000000709600000, 0x0000000800000000)
  region size 2048K, 9 young (18432K), 2 survivors (4096K)
 Metaspace       used 21343K, committed 21504K, reserved 1073152K
  class space    used 2461K, committed 2560K, reserved 1048576K
}
Event: 1.354 GC heap after
{Heap after GC invocations=3 (full 0):
 garbage-first heap   total 253952K, used 9522K [0x0000000709600000, 0x0000000800000000)
  region size 2048K, 2 young (4096K), 2 survivors (4096K)
 Metaspace       used 21343K, committed 21504K, reserved 1073152K
  class space    used 2461K, committed 2560K, reserved 1048576K
}
Event: 1.585 GC heap before
{Heap before GC invocations=4 (full 0):
 garbage-first heap   total 49152K, used 34098K [0x0000000709600000, 0x0000000800000000)
  region size 2048K, 15 young (30720K), 2 survivors (4096K)
 Metaspace       used 26128K, committed 26368K, reserved 1073152K
  class space    used 3180K, committed 3264K, reserved 1048576K
}
Event: 1.589 GC heap after
{Heap after GC invocations=5 (full 0):
 garbage-first heap   total 49152K, used 11075K [0x0000000709600000, 0x0000000800000000)
  region size 2048K, 3 young (6144K), 3 survivors (6144K)
 Metaspace       used 26128K, committed 26368K, reserved 1073152K
  class space    used 3180K, committed 3264K, reserved 1048576K
}
Event: 1.604 GC heap before
{Heap before GC invocations=5 (full 0):
 garbage-first heap   total 49152K, used 11075K [0x0000000709600000, 0x0000000800000000)
  region size 2048K, 4 young (8192K), 3 survivors (6144K)
 Metaspace       used 26417K, committed 26688K, reserved 1073152K
  class space    used 3229K, committed 3392K, reserved 1048576K
}
Event: 1.610 GC heap after
{Heap after GC invocations=6 (full 0):
 garbage-first heap   total 49152K, used 11869K [0x0000000709600000, 0x0000000800000000)
  region size 2048K, 1 young (2048K), 1 survivors (2048K)
 Metaspace       used 26417K, committed 26688K, reserved 1073152K
  class space    used 3229K, committed 3392K, reserved 1048576K
}
Event: 1.622 GC heap before
{Heap before GC invocations=6 (full 0):
 garbage-first heap   total 49152K, used 28253K [0x0000000709600000, 0x0000000800000000)
  region size 2048K, 10 young (20480K), 1 survivors (2048K)
 Metaspace       used 26755K, committed 27008K, reserved 1073152K
  class space    used 3265K, committed 3392K, reserved 1048576K
}
Event: 1.623 GC heap after
{Heap after GC invocations=7 (full 0):
 garbage-first heap   total 151552K, used 11488K [0x0000000709600000, 0x0000000800000000)
  region size 2048K, 1 young (2048K), 1 survivors (2048K)
 Metaspace       used 26755K, committed 27008K, reserved 1073152K
  class space    used 3265K, committed 3392K, reserved 1048576K
}
Event: 2.329 GC heap before
{Heap before GC invocations=7 (full 0):
 garbage-first heap   total 151552K, used 85216K [0x0000000709600000, 0x0000000800000000)
  region size 2048K, 39 young (79872K), 1 survivors (2048K)
 Metaspace       used 35878K, committed 36096K, reserved 1081344K
  class space    used 4415K, committed 4544K, reserved 1048576K
}
Event: 2.334 GC heap after
{Heap after GC invocations=8 (full 0):
 garbage-first heap   total 151552K, used 14811K [0x0000000709600000, 0x0000000800000000)
  region size 2048K, 2 young (4096K), 2 survivors (4096K)
 Metaspace       used 35878K, committed 36096K, reserved 1081344K
  class space    used 4415K, committed 4544K, reserved 1048576K
}
Event: 2.911 GC heap before
{Heap before GC invocations=9 (full 0):
 garbage-first heap   total 61440K, used 47579K [0x0000000709600000, 0x0000000800000000)
  region size 2048K, 18 young (36864K), 2 survivors (4096K)
 Metaspace       used 42063K, committed 42368K, reserved 1089536K
  class space    used 5552K, committed 5696K, reserved 1048576K
}
Event: 2.917 GC heap after
{Heap after GC invocations=10 (full 0):
 garbage-first heap   total 61440K, used 16566K [0x0000000709600000, 0x0000000800000000)
  region size 2048K, 2 young (4096K), 2 survivors (4096K)
 Metaspace       used 42063K, committed 42368K, reserved 1089536K
  class space    used 5552K, committed 5696K, reserved 1048576K
}
Event: 2.949 GC heap before
{Heap before GC invocations=10 (full 0):
 garbage-first heap   total 61440K, used 18614K [0x0000000709600000, 0x0000000800000000)
  region size 2048K, 3 young (6144K), 2 survivors (4096K)
 Metaspace       used 42307K, committed 42688K, reserved 1089536K
  class space    used 5586K, committed 5760K, reserved 1048576K
}
Event: 2.953 GC heap after
{Heap after GC invocations=11 (full 0):
 garbage-first heap   total 61440K, used 16797K [0x0000000709600000, 0x0000000800000000)
  region size 2048K, 1 young (2048K), 1 survivors (2048K)
 Metaspace       used 42307K, committed 42688K, reserved 1089536K
  class space    used 5586K, committed 5760K, reserved 1048576K
}

